<?xml version="1.0" encoding="UTF-8"?>
<testng-results skipped="0" failed="0" ignored="0" total="1" passed="1">
  <reporter-output>
  </reporter-output>
  <suite name="Default suite" duration-ms="20143" started-at="2020-04-13T09:15:59Z" finished-at="2020-04-13T09:16:19Z">
    <groups>
    </groups>
    <test name="Default test" duration-ms="20143" started-at="2020-04-13T09:15:59Z" finished-at="2020-04-13T09:16:19Z">
      <class name="com.testing.tests.verifylogin">
        <test-method status="PASS" signature="checkvaliduser()[pri:0, instance:com.testing.tests.verifylogin@c7a4e4]" name="checkvaliduser" duration-ms="20077" started-at="2020-04-13T14:45:59Z" finished-at="2020-04-13T14:46:19Z">
          <reporter-output>
          </reporter-output>
        </test-method> <!-- checkvaliduser -->
      </class> <!-- com.testing.tests.verifylogin -->
    </test> <!-- Default test -->
  </suite> <!-- Default suite -->
</testng-results>
